<?xml version="1.0" encoding="UTF-8"?>
<testsuite name="fr.labonbonniere.opusbeaute.ValidAdresseMailFormatUTest" time="0" tests="3" errors="0" skipped="0" failures="0">
  <properties>
[...]
</properties>
  <testcase name="setToFalseAWrongMailOne" classname="fr.labonbonniere.opusbeaute.ValidAdresseMailFormatUTest" time="0"/>
  <testcase name="setToFalseAWrongMailTwo" classname="fr.labonbonniere.opusbeaute.ValidAdresseMailFormatUTest" time="0"/>
  <testcase name="validFormatAdresseMail" classname="fr.labonbonniere.opusbeaute.ValidAdresseMailFormatUTest" time="0"/>
</testsuite>